<?xml version="1.0" encoding="UTF-8"?>
<!-- Generated by org.testng.reporters.JUnitReportReporter -->
<testsuite hostname="RUSHI" failures="0" tests="5" name="testClasses.Test1" time="0.043" errors="0" timestamp="2022-03-30T18:29:37 IST" skipped="0">
  <testcase classname="testClasses.Test1" name="test5" time="0.005"/>
  <system-out/>
  <testcase classname="testClasses.Test1" name="test1" time="0.020"/>
  <system-out/>
  <testcase classname="testClasses.Test1" name="test2" time="0.004"/>
  <system-out/>
  <testcase classname="testClasses.Test1" name="test3" time="0.007"/>
  <system-out/>
  <testcase classname="testClasses.Test1" name="test4" time="0.007"/>
  <system-out/>
</testsuite> <!-- testClasses.Test1 -->
